SUCCESS - ***: email.png - 317341 byte
SUCCESS - ***: WhatsApp Image 2018-05-07 at 3.01.43 PM.jpeg - 59834 byte
SUCCESS - ***: Desert.jpg - 845941 byte
SUCCESS - ***: Chrysanthemum.jpg - 879394 byte
SUCCESS - ***: Lighthouse.jpg - 561276 byte
SUCCESS - ***: Desert.jpg - 845941 byte
SUCCESS - ***.mshome.net: WP_20180607_18_25_23_Pro.jpg - 426302 byte
SUCCESS - ***.mshome.net: WP_20180607_18_25_16_Pro.jpg - 474208 byte
SUCCESS - ***.181-92-179.telecom.net.ar: s-l300.jpg - 15699 byte
SUCCESS - ***.181-92-179.telecom.net.ar: s-l300.jpg - 15699 byte
SUCCESS - ***.181-92-179.telecom.net.ar: s-l300.jpg - 15699 byte
SUCCESS - ***.181-92-179.telecom.net.ar: Intel-Core-i7-3770-Processor-3-4.jpg_350x350.jpg - 35086 byte
SUCCESS - ***.181-92-179.telecom.net.ar: Intel-Core-i7-3770-Processor-3-4.jpg_350x350.jpg - 35086 byte
SUCCESS - ***.fibertel.com.ar: fotos (4).png - 177481 byte
SUCCESS - ***.fibertel.com.ar: fotos (2).png - 133531 byte
SUCCESS - ***.fibertel.com.ar: fotos (1).png - 118176 byte
SUCCESS - ***.fibertel.com.ar: fotos (5).png - 116125 byte
SUCCESS - ***.fibertel.com.ar: fotos (3).png - 95497 byte
SUCCESS - ***.fibertel.com.ar: fotos (6).png - 156208 byte
SUCCESS - ***: hqdefault.jpg - 26961 byte
SUCCESS - ***: 61lnu4cA-L._SX466_.jpg - 49155 byte
SUCCESS - ***: 1.jpg - 279080 byte
SUCCESS - ***: 1.jpg - 279080 byte
SUCCESS - ***: D3F1FY4W4AYttwk.jpg - 63365 byte
SUCCESS - ***: mtopnorte_24.jpg - 79887 byte
SUCCESS - ***: de220bd7-9ae4-4f2c-9a3e-84fca64d83b6.jpg - 34675 byte
SUCCESS - ***: micro-procesador-intel-i5-7400-300ghz-7ta-kabylake-fullh4rd-D_NQ_NP_730725-MLA25465089124_032017-F.jpg - 85812 byte
SUCCESS - ***: efb8b10f_5.jpg - 172959 byte
SUCCESS - ***: WP_20180810_21_57_28_Pro.jpg - 400006 byte
SUCCESS - ***: WP_20180817_09_22_44_Pro.jpg - 513716 byte
SUCCESS - ***: WP_20180817_09_22_33_Pro.jpg - 517982 byte
SUCCESS - ***.fibertel.com.ar: WhatsApp Image 2017-10-13 at 10.03.54 PM.jpeg - 283347 byte
SUCCESS - ***.fibertel.com.ar: WhatsApp Image 2017-10-13 at 10.00.42 PM.jpeg - 450137 byte
SUCCESS - ***.fibertel.com.ar: fondo1.png - 729141 byte
SUCCESS - ***.domain: Untitled-design-5-1160x628.jpeg - 91486 byte
SUCCESS - ***.domain: ravio_ijNQzCaMq97dxAcEYsIF2DV1O8vHnh.jpg - 373101 byte
SUCCESS - ***.fibertel.com.ar: foto-pro.png - 670074 byte
SUCCESS - ***.fibertel.com.ar: foto-pro.png - 670074 byte
SUCCESS - ***.fibertel.com.ar: med_071205_trdp_5987.jpg - 37747 byte
SUCCESS - ***.fibertel.com.ar: foto-pro.png - 670074 byte
SUCCESS - ***.fibertel.com.ar: portada-web-BLOC.jpg - 284925 byte
SUCCESS - ***.fibertel.com.ar: portada-web-BLOC.jpg - 223120 byte
SUCCESS - ***.fibertel.com.ar: portada-web-BLOC.jpg - 223120 byte
SUCCESS - ***.fibertel.com.ar: portada-web-BLOC.jpg - 223120 byte
SUCCESS - ***.fibertel.com.ar: pampita-DESTACADA-9-749x561.jpg - 47872 byte
SUCCESS - ***.fibertel.com.ar: web BLOC.LA-01.jpg - 125339 byte
SUCCESS - ***.fibertel.com.ar: web BLOC.LA-01-01.jpg - 122160 byte
SUCCESS - ***.fibertel.com.ar: 3-446591150317861160.jpg - 29540 byte
SUCCESS - ***.fibertel.com.ar: 3-218872233621252215.jpg - 49157 byte
SUCCESS - ***.fibertel.com.ar: 3-437280415115910076.jpg - 40676 byte
SUCCESS - ***.fibertel.com.ar: 3-235351792385970062.jpg - 69546 byte
SUCCESS - ***.fibertel.com.ar: 3-180776398443991293.jpg - 80994 byte
SUCCESS - ***.fibertel.com.ar: 3-218872233621252215.jpg - 49157 byte
SUCCESS - ***.fibertel.com.ar: 3-180776398443991293.jpg - 80994 byte
SUCCESS - ***.fibertel.com.ar: 3-437280415115910076.jpg - 40676 byte
SUCCESS - ***.fibertel.com.ar: 3-446591150317861160.jpg - 29540 byte
SUCCESS - ***.fibertel.com.ar: 3-235351792385970062.jpg - 69546 byte
SUCCESS - ***.fibertel.com.ar: 3-333596462054106124.jpg - 43733 byte
SUCCESS - ***.fibertel.com.ar: 15-20210719045004-sl-13669.jpg - 63996 byte
SUCCESS - ***.fibertel.com.ar: 15-20210719045004-sl-32854.jpg - 30991 byte
SUCCESS - ***.fibertel.com.ar: 15-20210719045004-sl-56266.jpg - 40272 byte
SUCCESS - ***.fibertel.com.ar: 15-20210719045004-sl-49215.jpg - 35776 byte
SUCCESS - ***.fibertel.com.ar: 15-20210719045004-sl-83693.jpg - 43491 byte
SUCCESS - ***.fibertel.com.ar: 15-20210719045004-sl-72792.jpg - 70820 byte
SUCCESS - ***.fibertel.com.ar: 15-20210719045004-sl-13669.jpg - 63996 byte
SUCCESS - ***.fibertel.com.ar: 15-20210719045004-sl-32854.jpg - 30991 byte
SUCCESS - ***.fibertel.com.ar: 15-20210719045004-sl-49215.jpg - 35776 byte
SUCCESS - ***.fibertel.com.ar: 15-20210719045004-sl-56266.jpg - 40272 byte
SUCCESS - ***.fibertel.com.ar: 15-20210719045004-sl-72792.jpg - 70820 byte
SUCCESS - ***.fibertel.com.ar: 15-20210719045004-sl-83693.jpg - 43491 byte
SUCCESS - ***.fibertel.com.ar: 3-20180627055653-53843.jpg - 63151 byte
SUCCESS - ***.fibertel.com.ar: 3-20180628055145-58587.jpg - 133278 byte
SUCCESS - ***: belu 024.jpg - 3661490 byte
SUCCESS - ***: belu 015.jpg - 3742329 byte
SUCCESS - ***: belu 013.jpg - 3721627 byte
SUCCESS - ***: belu 025.jpg - 3758047 byte
SUCCESS - ***: DSC00218.JPG - 2353524 byte
SUCCESS - ***: DSC00220.JPG - 2377705 byte
SUCCESS - ***: DSC00230.JPG - 2305883 byte
